2026-04-10 00:42:38,301 INFO Config loaded successfully
2026-04-10 00:42:38,331 INFO Numeric features: ['SeniorCitizen', 'tenure', 'MonthlyCharges']
2026-04-10 00:42:38,331 INFO Categorical features: ['gender', 'Partner', 'Dependents', 'PhoneService', 'MultipleLines', 'InternetService', 'OnlineSecurity', 'OnlineBackup', 'DeviceProtection', 'TechSupport', 'StreamingTV', 'StreamingMovies', 'Contract', 'PaperlessBilling', 'PaymentMethod', 'TotalCharges']
2026-04-10 00:42:38,350 INFO Data loaded from data/churn.csv, shape: (7043, 21)
2026-04-10 00:42:38,380 INFO Missing values handled + churn-specific fixes applied
2026-04-10 00:42:38,397 INFO Splitting data: test_size=0.2, random_state=42
2026-04-10 01:48:10,071 INFO Config loaded successfully
2026-04-10 01:48:10,096 INFO Numeric features: ['SeniorCitizen', 'tenure', 'MonthlyCharges']
2026-04-10 01:48:10,096 INFO Categorical features: ['gender', 'Partner', 'Dependents', 'PhoneService', 'MultipleLines', 'InternetService', 'OnlineSecurity', 'OnlineBackup', 'DeviceProtection', 'TechSupport', 'StreamingTV', 'StreamingMovies', 'Contract', 'PaperlessBilling', 'PaymentMethod', 'TotalCharges']
2026-04-10 01:48:10,221 INFO Config loaded successfully
2026-04-10 01:48:10,227 INFO ===== HYPERPARAMETER TUNING STARTED =====
2026-04-10 01:48:10,248 INFO Data loaded from data/churn.csv, shape: (7043, 21)
2026-04-10 01:48:10,277 INFO Missing values handled + churn-specific fixes applied
2026-04-10 01:48:10,278 INFO Data loaded from data/churn.csv, shape: (7043, 20)
2026-04-10 01:48:10,278 INFO Starting feature engineering...
2026-04-10 01:48:10,278 INFO Starting feature engineering...
2026-04-10 01:48:10,288 INFO Feature engineering completed. Added features: ['AvgMonthlyCharge', 'ChargesRatio', 'MonthlyChargeGroup', 'TenureGroup']
2026-04-10 01:48:10,288 INFO New DataFrame shape: (7043, 24)
2026-04-10 01:48:10,288 INFO Feature engineering completed. Added features: ['TenureGroup', 'AvgMonthlyCharge', 'ChargesRatio', 'MonthlyChargeGroup']
2026-04-10 01:48:10,288 INFO New DataFrame shape: (7043, 24)
2026-04-10 01:48:10,291 INFO Splitting data: test_size=0.2, random_state=42
2026-04-10 01:48:10,295 INFO Splitting data: test_size=0.2, random_state=42
2026-04-10 01:48:10,295 INFO Building model pipeline (DF-based)...
2026-04-10 01:48:10,301 INFO Pipeline built successfully ✅
2026-04-10 01:48:10,301 INFO Grid Search started | Scoring: f1
2026-04-10 01:48:18,260 INFO ✅ Best Params: {'classifier__max_depth': 10, 'classifier__n_estimators': 100}
2026-04-10 01:48:18,261 INFO ✅ Best CV Score (f1): 0.6255
2026-04-10 01:48:18,346 INFO 📊 Test Accuracy: 0.7821
2026-04-10 01:48:18,346 INFO 📊 Test F1 Score: 0.6401
2026-04-10 01:48:18,409 WARNING Retrying (Retry(total=4, connect=4, read=5, redirect=5, status=5)) after connection broken by 'NewConnectionError("HTTPConnection(host='localhost', port=5000): Failed to establish a new connection: [Errno 111] Connection refused")': /api/2.0/mlflow/experiments/get-by-name?experiment_name=churn_prediction_model
2026-04-10 01:48:22,607 WARNING Retrying (Retry(total=3, connect=3, read=5, redirect=5, status=5)) after connection broken by 'NewConnectionError("HTTPConnection(host='localhost', port=5000): Failed to establish a new connection: [Errno 111] Connection refused")': /api/2.0/mlflow/experiments/get-by-name?experiment_name=churn_prediction_model
2026-04-10 01:48:30,674 WARNING Retrying (Retry(total=2, connect=2, read=5, redirect=5, status=5)) after connection broken by 'NewConnectionError("HTTPConnection(host='localhost', port=5000): Failed to establish a new connection: [Errno 111] Connection refused")': /api/2.0/mlflow/experiments/get-by-name?experiment_name=churn_prediction_model
2026-04-10 01:48:46,993 WARNING Retrying (Retry(total=1, connect=1, read=5, redirect=5, status=5)) after connection broken by 'NewConnectionError("HTTPConnection(host='localhost', port=5000): Failed to establish a new connection: [Errno 111] Connection refused")': /api/2.0/mlflow/experiments/get-by-name?experiment_name=churn_prediction_model
2026-04-10 01:49:20,192 WARNING Retrying (Retry(total=0, connect=0, read=5, redirect=5, status=5)) after connection broken by 'NewConnectionError("HTTPConnection(host='localhost', port=5000): Failed to establish a new connection: [Errno 111] Connection refused")': /api/2.0/mlflow/experiments/get-by-name?experiment_name=churn_prediction_model
2026-04-10 01:49:20,193 ERROR ❌ Hyperparameter tuning failed
Traceback (most recent call last):
  File "/home/zaina/churn_mlops_project/.venv/lib/python3.10/site-packages/urllib3/connection.py", line 204, in _new_conn
    sock = connection.create_connection(
  File "/home/zaina/churn_mlops_project/.venv/lib/python3.10/site-packages/urllib3/util/connection.py", line 85, in create_connection
    raise err
  File "/home/zaina/churn_mlops_project/.venv/lib/python3.10/site-packages/urllib3/util/connection.py", line 73, in create_connection
    sock.connect(sa)
ConnectionRefusedError: [Errno 111] Connection refused

The above exception was the direct cause of the following exception:

Traceback (most recent call last):
  File "/home/zaina/churn_mlops_project/.venv/lib/python3.10/site-packages/urllib3/connectionpool.py", line 787, in urlopen
    response = self._make_request(
  File "/home/zaina/churn_mlops_project/.venv/lib/python3.10/site-packages/urllib3/connectionpool.py", line 493, in _make_request
    conn.request(
  File "/home/zaina/churn_mlops_project/.venv/lib/python3.10/site-packages/urllib3/connection.py", line 500, in request
    self.endheaders()
  File "/usr/lib/python3.10/http/client.py", line 1298, in endheaders
    self._send_output(message_body, encode_chunked=encode_chunked)
  File "/usr/lib/python3.10/http/client.py", line 1058, in _send_output
    self.send(msg)
  File "/usr/lib/python3.10/http/client.py", line 996, in send
    self.connect()
  File "/home/zaina/churn_mlops_project/.venv/lib/python3.10/site-packages/urllib3/connection.py", line 331, in connect
    self.sock = self._new_conn()
  File "/home/zaina/churn_mlops_project/.venv/lib/python3.10/site-packages/urllib3/connection.py", line 219, in _new_conn
    raise NewConnectionError(
urllib3.exceptions.NewConnectionError: HTTPConnection(host='localhost', port=5000): Failed to establish a new connection: [Errno 111] Connection refused

The above exception was the direct cause of the following exception:

Traceback (most recent call last):
  File "/home/zaina/churn_mlops_project/.venv/lib/python3.10/site-packages/requests/adapters.py", line 645, in send
    resp = conn.urlopen(
  File "/home/zaina/churn_mlops_project/.venv/lib/python3.10/site-packages/urllib3/connectionpool.py", line 871, in urlopen
    return self.urlopen(
  File "/home/zaina/churn_mlops_project/.venv/lib/python3.10/site-packages/urllib3/connectionpool.py", line 871, in urlopen
    return self.urlopen(
  File "/home/zaina/churn_mlops_project/.venv/lib/python3.10/site-packages/urllib3/connectionpool.py", line 871, in urlopen
    return self.urlopen(
  [Previous line repeated 2 more times]
  File "/home/zaina/churn_mlops_project/.venv/lib/python3.10/site-packages/urllib3/connectionpool.py", line 841, in urlopen
    retries = retries.increment(
  File "/home/zaina/churn_mlops_project/.venv/lib/python3.10/site-packages/urllib3/util/retry.py", line 535, in increment
    raise MaxRetryError(_pool, url, reason) from reason  # type: ignore[arg-type]
urllib3.exceptions.MaxRetryError: HTTPConnectionPool(host='localhost', port=5000): Max retries exceeded with url: /api/2.0/mlflow/experiments/get-by-name?experiment_name=churn_prediction_model (Caused by NewConnectionError("HTTPConnection(host='localhost', port=5000): Failed to establish a new connection: [Errno 111] Connection refused"))

During handling of the above exception, another exception occurred:

Traceback (most recent call last):
  File "/home/zaina/churn_mlops_project/.venv/lib/python3.10/site-packages/mlflow/utils/rest_utils.py", line 108, in http_request
    return _get_http_response_with_retries(
  File "/home/zaina/churn_mlops_project/.venv/lib/python3.10/site-packages/mlflow/utils/request_utils.py", line 212, in _get_http_response_with_retries
    return session.request(method, url, allow_redirects=allow_redirects, **kwargs)
  File "/home/zaina/churn_mlops_project/.venv/lib/python3.10/site-packages/requests/sessions.py", line 592, in request
    resp = self.send(prep, **send_kwargs)
  File "/home/zaina/churn_mlops_project/.venv/lib/python3.10/site-packages/requests/sessions.py", line 706, in send
    r = adapter.send(request, **kwargs)
  File "/home/zaina/churn_mlops_project/.venv/lib/python3.10/site-packages/requests/adapters.py", line 678, in send
    raise ConnectionError(e, request=request)
requests.exceptions.ConnectionError: HTTPConnectionPool(host='localhost', port=5000): Max retries exceeded with url: /api/2.0/mlflow/experiments/get-by-name?experiment_name=churn_prediction_model (Caused by NewConnectionError("HTTPConnection(host='localhost', port=5000): Failed to establish a new connection: [Errno 111] Connection refused"))

During handling of the above exception, another exception occurred:

Traceback (most recent call last):
  File "/home/zaina/churn_mlops_project/src/hyperparameter_tuning.py", line 151, in run_tuning
    mlflow.set_experiment(EXPERIMENT_NAME)
  File "/home/zaina/churn_mlops_project/.venv/lib/python3.10/site-packages/mlflow/tracking/fluent.py", line 142, in set_experiment
    experiment = client.get_experiment_by_name(experiment_name)
  File "/home/zaina/churn_mlops_project/.venv/lib/python3.10/site-packages/mlflow/tracking/client.py", line 539, in get_experiment_by_name
    return self._tracking_client.get_experiment_by_name(name)
  File "/home/zaina/churn_mlops_project/.venv/lib/python3.10/site-packages/mlflow/tracking/_tracking_service/client.py", line 236, in get_experiment_by_name
    return self.store.get_experiment_by_name(name)
  File "/home/zaina/churn_mlops_project/.venv/lib/python3.10/site-packages/mlflow/store/tracking/rest_store.py", line 323, in get_experiment_by_name
    response_proto = self._call_endpoint(GetExperimentByName, req_body)
  File "/home/zaina/churn_mlops_project/.venv/lib/python3.10/site-packages/mlflow/store/tracking/rest_store.py", line 60, in _call_endpoint
    return call_endpoint(self.get_host_creds(), endpoint, method, json_body, response_proto)
  File "/home/zaina/churn_mlops_project/.venv/lib/python3.10/site-packages/mlflow/utils/rest_utils.py", line 216, in call_endpoint
    response = http_request(**call_kwargs)
  File "/home/zaina/churn_mlops_project/.venv/lib/python3.10/site-packages/mlflow/utils/rest_utils.py", line 130, in http_request
    raise MlflowException(f"API request to {url} failed with exception {e}")
mlflow.exceptions.MlflowException: API request to http://localhost:5000/api/2.0/mlflow/experiments/get-by-name failed with exception HTTPConnectionPool(host='localhost', port=5000): Max retries exceeded with url: /api/2.0/mlflow/experiments/get-by-name?experiment_name=churn_prediction_model (Caused by NewConnectionError("HTTPConnection(host='localhost', port=5000): Failed to establish a new connection: [Errno 111] Connection refused"))
2026-04-10 02:28:43,222 INFO Config loaded successfully
2026-04-10 02:28:43,249 INFO Numeric features: ['SeniorCitizen', 'tenure', 'MonthlyCharges']
2026-04-10 02:28:43,249 INFO Categorical features: ['gender', 'Partner', 'Dependents', 'PhoneService', 'MultipleLines', 'InternetService', 'OnlineSecurity', 'OnlineBackup', 'DeviceProtection', 'TechSupport', 'StreamingTV', 'StreamingMovies', 'Contract', 'PaperlessBilling', 'PaymentMethod', 'TotalCharges']
2026-04-10 02:28:43,368 INFO Config loaded successfully
2026-04-10 02:28:43,373 INFO ===== HYPERPARAMETER TUNING STARTED =====
2026-04-10 02:28:43,394 INFO Data loaded from data/churn.csv, shape: (7043, 21)
2026-04-10 02:28:43,422 INFO Missing values handled + churn-specific fixes applied
2026-04-10 02:28:43,422 INFO Data loaded from data/churn.csv, shape: (7043, 20)
2026-04-10 02:28:43,422 INFO Starting feature engineering...
2026-04-10 02:28:43,423 INFO Starting feature engineering...
2026-04-10 02:28:43,432 INFO Feature engineering completed. Added features: ['AvgMonthlyCharge', 'ChargesRatio', 'MonthlyChargeGroup', 'TenureGroup']
2026-04-10 02:28:43,432 INFO New DataFrame shape: (7043, 24)
2026-04-10 02:28:43,432 INFO Feature engineering completed. Added features: ['ChargesRatio', 'TenureGroup', 'MonthlyChargeGroup', 'AvgMonthlyCharge']
2026-04-10 02:28:43,432 INFO New DataFrame shape: (7043, 24)
2026-04-10 02:28:43,435 INFO Splitting data: test_size=0.2, random_state=42
2026-04-10 02:28:43,438 INFO Splitting data: test_size=0.2, random_state=42
2026-04-10 02:28:43,438 INFO Building model pipeline (DF-based)...
2026-04-10 02:28:43,442 INFO Pipeline built successfully ✅
2026-04-10 02:28:43,442 INFO Grid Search started | Scoring: f1
2026-04-10 02:28:51,217 INFO ✅ Best Params: {'classifier__max_depth': 10, 'classifier__n_estimators': 100}
2026-04-10 02:28:51,218 INFO ✅ Best CV Score (f1): 0.6255
2026-04-10 02:28:51,301 INFO 📊 Test Accuracy: 0.7821
2026-04-10 02:28:51,301 INFO 📊 Test F1 Score: 0.6401
2026-04-10 02:28:51,368 WARNING Retrying (Retry(total=4, connect=4, read=5, redirect=5, status=5)) after connection broken by 'NewConnectionError("HTTPConnection(host='localhost', port=5000): Failed to establish a new connection: [Errno 111] Connection refused")': /api/2.0/mlflow/experiments/get-by-name?experiment_name=churn_prediction_model
2026-04-10 02:28:55,387 WARNING Retrying (Retry(total=3, connect=3, read=5, redirect=5, status=5)) after connection broken by 'NewConnectionError("HTTPConnection(host='localhost', port=5000): Failed to establish a new connection: [Errno 111] Connection refused")': /api/2.0/mlflow/experiments/get-by-name?experiment_name=churn_prediction_model
2026-04-10 02:29:04,159 WARNING Retrying (Retry(total=2, connect=2, read=5, redirect=5, status=5)) after connection broken by 'NewConnectionError("HTTPConnection(host='localhost', port=5000): Failed to establish a new connection: [Errno 111] Connection refused")': /api/2.0/mlflow/experiments/get-by-name?experiment_name=churn_prediction_model
2026-04-10 02:29:20,930 WARNING Retrying (Retry(total=1, connect=1, read=5, redirect=5, status=5)) after connection broken by 'NewConnectionError("HTTPConnection(host='localhost', port=5000): Failed to establish a new connection: [Errno 111] Connection refused")': /api/2.0/mlflow/experiments/get-by-name?experiment_name=churn_prediction_model
2026-04-10 02:29:53,741 WARNING Retrying (Retry(total=0, connect=0, read=5, redirect=5, status=5)) after connection broken by 'NewConnectionError("HTTPConnection(host='localhost', port=5000): Failed to establish a new connection: [Errno 111] Connection refused")': /api/2.0/mlflow/experiments/get-by-name?experiment_name=churn_prediction_model
2026-04-10 02:29:53,742 ERROR ❌ Hyperparameter tuning failed
Traceback (most recent call last):
  File "/home/zaina/churn_mlops_project/.venv/lib/python3.10/site-packages/urllib3/connection.py", line 204, in _new_conn
    sock = connection.create_connection(
  File "/home/zaina/churn_mlops_project/.venv/lib/python3.10/site-packages/urllib3/util/connection.py", line 85, in create_connection
    raise err
  File "/home/zaina/churn_mlops_project/.venv/lib/python3.10/site-packages/urllib3/util/connection.py", line 73, in create_connection
    sock.connect(sa)
ConnectionRefusedError: [Errno 111] Connection refused

The above exception was the direct cause of the following exception:

Traceback (most recent call last):
  File "/home/zaina/churn_mlops_project/.venv/lib/python3.10/site-packages/urllib3/connectionpool.py", line 787, in urlopen
    response = self._make_request(
  File "/home/zaina/churn_mlops_project/.venv/lib/python3.10/site-packages/urllib3/connectionpool.py", line 493, in _make_request
    conn.request(
  File "/home/zaina/churn_mlops_project/.venv/lib/python3.10/site-packages/urllib3/connection.py", line 500, in request
    self.endheaders()
  File "/usr/lib/python3.10/http/client.py", line 1298, in endheaders
    self._send_output(message_body, encode_chunked=encode_chunked)
  File "/usr/lib/python3.10/http/client.py", line 1058, in _send_output
    self.send(msg)
  File "/usr/lib/python3.10/http/client.py", line 996, in send
    self.connect()
  File "/home/zaina/churn_mlops_project/.venv/lib/python3.10/site-packages/urllib3/connection.py", line 331, in connect
    self.sock = self._new_conn()
  File "/home/zaina/churn_mlops_project/.venv/lib/python3.10/site-packages/urllib3/connection.py", line 219, in _new_conn
    raise NewConnectionError(
urllib3.exceptions.NewConnectionError: HTTPConnection(host='localhost', port=5000): Failed to establish a new connection: [Errno 111] Connection refused

The above exception was the direct cause of the following exception:

Traceback (most recent call last):
  File "/home/zaina/churn_mlops_project/.venv/lib/python3.10/site-packages/requests/adapters.py", line 645, in send
    resp = conn.urlopen(
  File "/home/zaina/churn_mlops_project/.venv/lib/python3.10/site-packages/urllib3/connectionpool.py", line 871, in urlopen
    return self.urlopen(
  File "/home/zaina/churn_mlops_project/.venv/lib/python3.10/site-packages/urllib3/connectionpool.py", line 871, in urlopen
    return self.urlopen(
  File "/home/zaina/churn_mlops_project/.venv/lib/python3.10/site-packages/urllib3/connectionpool.py", line 871, in urlopen
    return self.urlopen(
  [Previous line repeated 2 more times]
  File "/home/zaina/churn_mlops_project/.venv/lib/python3.10/site-packages/urllib3/connectionpool.py", line 841, in urlopen
    retries = retries.increment(
  File "/home/zaina/churn_mlops_project/.venv/lib/python3.10/site-packages/urllib3/util/retry.py", line 535, in increment
    raise MaxRetryError(_pool, url, reason) from reason  # type: ignore[arg-type]
urllib3.exceptions.MaxRetryError: HTTPConnectionPool(host='localhost', port=5000): Max retries exceeded with url: /api/2.0/mlflow/experiments/get-by-name?experiment_name=churn_prediction_model (Caused by NewConnectionError("HTTPConnection(host='localhost', port=5000): Failed to establish a new connection: [Errno 111] Connection refused"))

During handling of the above exception, another exception occurred:

Traceback (most recent call last):
  File "/home/zaina/churn_mlops_project/.venv/lib/python3.10/site-packages/mlflow/utils/rest_utils.py", line 108, in http_request
    return _get_http_response_with_retries(
  File "/home/zaina/churn_mlops_project/.venv/lib/python3.10/site-packages/mlflow/utils/request_utils.py", line 212, in _get_http_response_with_retries
    return session.request(method, url, allow_redirects=allow_redirects, **kwargs)
  File "/home/zaina/churn_mlops_project/.venv/lib/python3.10/site-packages/requests/sessions.py", line 592, in request
    resp = self.send(prep, **send_kwargs)
  File "/home/zaina/churn_mlops_project/.venv/lib/python3.10/site-packages/requests/sessions.py", line 706, in send
    r = adapter.send(request, **kwargs)
  File "/home/zaina/churn_mlops_project/.venv/lib/python3.10/site-packages/requests/adapters.py", line 678, in send
    raise ConnectionError(e, request=request)
requests.exceptions.ConnectionError: HTTPConnectionPool(host='localhost', port=5000): Max retries exceeded with url: /api/2.0/mlflow/experiments/get-by-name?experiment_name=churn_prediction_model (Caused by NewConnectionError("HTTPConnection(host='localhost', port=5000): Failed to establish a new connection: [Errno 111] Connection refused"))

During handling of the above exception, another exception occurred:

Traceback (most recent call last):
  File "/home/zaina/churn_mlops_project/src/hyperparameter_tuning.py", line 151, in run_tuning
    mlflow.set_experiment(EXPERIMENT_NAME)
  File "/home/zaina/churn_mlops_project/.venv/lib/python3.10/site-packages/mlflow/tracking/fluent.py", line 142, in set_experiment
    experiment = client.get_experiment_by_name(experiment_name)
  File "/home/zaina/churn_mlops_project/.venv/lib/python3.10/site-packages/mlflow/tracking/client.py", line 539, in get_experiment_by_name
    return self._tracking_client.get_experiment_by_name(name)
  File "/home/zaina/churn_mlops_project/.venv/lib/python3.10/site-packages/mlflow/tracking/_tracking_service/client.py", line 236, in get_experiment_by_name
    return self.store.get_experiment_by_name(name)
  File "/home/zaina/churn_mlops_project/.venv/lib/python3.10/site-packages/mlflow/store/tracking/rest_store.py", line 323, in get_experiment_by_name
    response_proto = self._call_endpoint(GetExperimentByName, req_body)
  File "/home/zaina/churn_mlops_project/.venv/lib/python3.10/site-packages/mlflow/store/tracking/rest_store.py", line 60, in _call_endpoint
    return call_endpoint(self.get_host_creds(), endpoint, method, json_body, response_proto)
  File "/home/zaina/churn_mlops_project/.venv/lib/python3.10/site-packages/mlflow/utils/rest_utils.py", line 216, in call_endpoint
    response = http_request(**call_kwargs)
  File "/home/zaina/churn_mlops_project/.venv/lib/python3.10/site-packages/mlflow/utils/rest_utils.py", line 130, in http_request
    raise MlflowException(f"API request to {url} failed with exception {e}")
mlflow.exceptions.MlflowException: API request to http://localhost:5000/api/2.0/mlflow/experiments/get-by-name failed with exception HTTPConnectionPool(host='localhost', port=5000): Max retries exceeded with url: /api/2.0/mlflow/experiments/get-by-name?experiment_name=churn_prediction_model (Caused by NewConnectionError("HTTPConnection(host='localhost', port=5000): Failed to establish a new connection: [Errno 111] Connection refused"))
2026-04-10 02:32:51,427 INFO Config loaded successfully
2026-04-10 02:32:51,447 INFO Numeric features: ['SeniorCitizen', 'tenure', 'MonthlyCharges']
2026-04-10 02:32:51,447 INFO Categorical features: ['gender', 'Partner', 'Dependents', 'PhoneService', 'MultipleLines', 'InternetService', 'OnlineSecurity', 'OnlineBackup', 'DeviceProtection', 'TechSupport', 'StreamingTV', 'StreamingMovies', 'Contract', 'PaperlessBilling', 'PaymentMethod', 'TotalCharges']
2026-04-10 02:32:51,501 INFO Config loaded successfully
2026-04-10 02:32:51,507 INFO ===== HYPERPARAMETER TUNING STARTED =====
2026-04-10 02:32:51,528 INFO Data loaded from data/churn.csv, shape: (7043, 21)
2026-04-10 02:32:51,553 INFO Missing values handled + churn-specific fixes applied
2026-04-10 02:32:51,553 INFO Data loaded from data/churn.csv, shape: (7043, 20)
2026-04-10 02:32:51,553 INFO Starting feature engineering...
2026-04-10 02:32:51,553 INFO Starting feature engineering...
2026-04-10 02:32:51,561 INFO Feature engineering completed. Added features: ['AvgMonthlyCharge', 'ChargesRatio', 'MonthlyChargeGroup', 'TenureGroup']
2026-04-10 02:32:51,561 INFO New DataFrame shape: (7043, 24)
2026-04-10 02:32:51,561 INFO Feature engineering completed. Added features: ['AvgMonthlyCharge', 'ChargesRatio', 'MonthlyChargeGroup', 'TenureGroup']
2026-04-10 02:32:51,562 INFO New DataFrame shape: (7043, 24)
2026-04-10 02:32:51,563 INFO Splitting data: test_size=0.2, random_state=42
2026-04-10 02:32:51,566 INFO Splitting data: test_size=0.2, random_state=42
2026-04-10 02:32:51,567 INFO Building model pipeline (DF-based)...
2026-04-10 02:32:51,571 INFO Pipeline built successfully ✅
2026-04-10 02:32:51,571 INFO Grid Search started | Scoring: f1
2026-04-10 02:32:59,089 INFO ✅ Best Params: {'classifier__max_depth': 10, 'classifier__n_estimators': 100}
2026-04-10 02:32:59,089 INFO ✅ Best CV Score (f1): 0.6255
2026-04-10 02:32:59,178 INFO 📊 Test Accuracy: 0.7821
2026-04-10 02:32:59,178 INFO 📊 Test F1 Score: 0.6401
2026-04-10 02:32:59,245 WARNING Retrying (Retry(total=4, connect=4, read=5, redirect=5, status=5)) after connection broken by 'NewConnectionError("HTTPConnection(host='localhost', port=5000): Failed to establish a new connection: [Errno 111] Connection refused")': /api/2.0/mlflow/experiments/get-by-name?experiment_name=churn_prediction_model
2026-04-10 02:33:04,413 WARNING Retrying (Retry(total=3, connect=3, read=5, redirect=5, status=5)) after connection broken by 'NewConnectionError("HTTPConnection(host='localhost', port=5000): Failed to establish a new connection: [Errno 111] Connection refused")': /api/2.0/mlflow/experiments/get-by-name?experiment_name=churn_prediction_model
2026-04-10 02:33:12,587 WARNING Retrying (Retry(total=2, connect=2, read=5, redirect=5, status=5)) after connection broken by 'NewConnectionError("HTTPConnection(host='localhost', port=5000): Failed to establish a new connection: [Errno 111] Connection refused")': /api/2.0/mlflow/experiments/get-by-name?experiment_name=churn_prediction_model
2026-04-10 02:33:28,823 WARNING Retrying (Retry(total=1, connect=1, read=5, redirect=5, status=5)) after connection broken by 'NewConnectionError("HTTPConnection(host='localhost', port=5000): Failed to establish a new connection: [Errno 111] Connection refused")': /api/2.0/mlflow/experiments/get-by-name?experiment_name=churn_prediction_model
2026-04-10 02:34:01,493 WARNING Retrying (Retry(total=0, connect=0, read=5, redirect=5, status=5)) after connection broken by 'NewConnectionError("HTTPConnection(host='localhost', port=5000): Failed to establish a new connection: [Errno 111] Connection refused")': /api/2.0/mlflow/experiments/get-by-name?experiment_name=churn_prediction_model
2026-04-10 02:34:01,495 ERROR ❌ Hyperparameter tuning failed
Traceback (most recent call last):
  File "/home/zaina/churn_mlops_project/.venv/lib/python3.10/site-packages/urllib3/connection.py", line 204, in _new_conn
    sock = connection.create_connection(
  File "/home/zaina/churn_mlops_project/.venv/lib/python3.10/site-packages/urllib3/util/connection.py", line 85, in create_connection
    raise err
  File "/home/zaina/churn_mlops_project/.venv/lib/python3.10/site-packages/urllib3/util/connection.py", line 73, in create_connection
    sock.connect(sa)
ConnectionRefusedError: [Errno 111] Connection refused

The above exception was the direct cause of the following exception:

Traceback (most recent call last):
  File "/home/zaina/churn_mlops_project/.venv/lib/python3.10/site-packages/urllib3/connectionpool.py", line 787, in urlopen
    response = self._make_request(
  File "/home/zaina/churn_mlops_project/.venv/lib/python3.10/site-packages/urllib3/connectionpool.py", line 493, in _make_request
    conn.request(
  File "/home/zaina/churn_mlops_project/.venv/lib/python3.10/site-packages/urllib3/connection.py", line 500, in request
    self.endheaders()
  File "/usr/lib/python3.10/http/client.py", line 1298, in endheaders
    self._send_output(message_body, encode_chunked=encode_chunked)
  File "/usr/lib/python3.10/http/client.py", line 1058, in _send_output
    self.send(msg)
  File "/usr/lib/python3.10/http/client.py", line 996, in send
    self.connect()
  File "/home/zaina/churn_mlops_project/.venv/lib/python3.10/site-packages/urllib3/connection.py", line 331, in connect
    self.sock = self._new_conn()
  File "/home/zaina/churn_mlops_project/.venv/lib/python3.10/site-packages/urllib3/connection.py", line 219, in _new_conn
    raise NewConnectionError(
urllib3.exceptions.NewConnectionError: HTTPConnection(host='localhost', port=5000): Failed to establish a new connection: [Errno 111] Connection refused

The above exception was the direct cause of the following exception:

Traceback (most recent call last):
  File "/home/zaina/churn_mlops_project/.venv/lib/python3.10/site-packages/requests/adapters.py", line 645, in send
    resp = conn.urlopen(
  File "/home/zaina/churn_mlops_project/.venv/lib/python3.10/site-packages/urllib3/connectionpool.py", line 871, in urlopen
    return self.urlopen(
  File "/home/zaina/churn_mlops_project/.venv/lib/python3.10/site-packages/urllib3/connectionpool.py", line 871, in urlopen
    return self.urlopen(
  File "/home/zaina/churn_mlops_project/.venv/lib/python3.10/site-packages/urllib3/connectionpool.py", line 871, in urlopen
    return self.urlopen(
  [Previous line repeated 2 more times]
  File "/home/zaina/churn_mlops_project/.venv/lib/python3.10/site-packages/urllib3/connectionpool.py", line 841, in urlopen
    retries = retries.increment(
  File "/home/zaina/churn_mlops_project/.venv/lib/python3.10/site-packages/urllib3/util/retry.py", line 535, in increment
    raise MaxRetryError(_pool, url, reason) from reason  # type: ignore[arg-type]
urllib3.exceptions.MaxRetryError: HTTPConnectionPool(host='localhost', port=5000): Max retries exceeded with url: /api/2.0/mlflow/experiments/get-by-name?experiment_name=churn_prediction_model (Caused by NewConnectionError("HTTPConnection(host='localhost', port=5000): Failed to establish a new connection: [Errno 111] Connection refused"))

During handling of the above exception, another exception occurred:

Traceback (most recent call last):
  File "/home/zaina/churn_mlops_project/.venv/lib/python3.10/site-packages/mlflow/utils/rest_utils.py", line 108, in http_request
    return _get_http_response_with_retries(
  File "/home/zaina/churn_mlops_project/.venv/lib/python3.10/site-packages/mlflow/utils/request_utils.py", line 212, in _get_http_response_with_retries
    return session.request(method, url, allow_redirects=allow_redirects, **kwargs)
  File "/home/zaina/churn_mlops_project/.venv/lib/python3.10/site-packages/requests/sessions.py", line 592, in request
    resp = self.send(prep, **send_kwargs)
  File "/home/zaina/churn_mlops_project/.venv/lib/python3.10/site-packages/requests/sessions.py", line 706, in send
    r = adapter.send(request, **kwargs)
  File "/home/zaina/churn_mlops_project/.venv/lib/python3.10/site-packages/requests/adapters.py", line 678, in send
    raise ConnectionError(e, request=request)
requests.exceptions.ConnectionError: HTTPConnectionPool(host='localhost', port=5000): Max retries exceeded with url: /api/2.0/mlflow/experiments/get-by-name?experiment_name=churn_prediction_model (Caused by NewConnectionError("HTTPConnection(host='localhost', port=5000): Failed to establish a new connection: [Errno 111] Connection refused"))

During handling of the above exception, another exception occurred:

Traceback (most recent call last):
  File "/home/zaina/churn_mlops_project/src/hyperparameter_tuning.py", line 151, in run_tuning
    mlflow.set_experiment(EXPERIMENT_NAME)
  File "/home/zaina/churn_mlops_project/.venv/lib/python3.10/site-packages/mlflow/tracking/fluent.py", line 142, in set_experiment
    experiment = client.get_experiment_by_name(experiment_name)
  File "/home/zaina/churn_mlops_project/.venv/lib/python3.10/site-packages/mlflow/tracking/client.py", line 539, in get_experiment_by_name
    return self._tracking_client.get_experiment_by_name(name)
  File "/home/zaina/churn_mlops_project/.venv/lib/python3.10/site-packages/mlflow/tracking/_tracking_service/client.py", line 236, in get_experiment_by_name
    return self.store.get_experiment_by_name(name)
  File "/home/zaina/churn_mlops_project/.venv/lib/python3.10/site-packages/mlflow/store/tracking/rest_store.py", line 323, in get_experiment_by_name
    response_proto = self._call_endpoint(GetExperimentByName, req_body)
  File "/home/zaina/churn_mlops_project/.venv/lib/python3.10/site-packages/mlflow/store/tracking/rest_store.py", line 60, in _call_endpoint
    return call_endpoint(self.get_host_creds(), endpoint, method, json_body, response_proto)
  File "/home/zaina/churn_mlops_project/.venv/lib/python3.10/site-packages/mlflow/utils/rest_utils.py", line 216, in call_endpoint
    response = http_request(**call_kwargs)
  File "/home/zaina/churn_mlops_project/.venv/lib/python3.10/site-packages/mlflow/utils/rest_utils.py", line 130, in http_request
    raise MlflowException(f"API request to {url} failed with exception {e}")
mlflow.exceptions.MlflowException: API request to http://localhost:5000/api/2.0/mlflow/experiments/get-by-name failed with exception HTTPConnectionPool(host='localhost', port=5000): Max retries exceeded with url: /api/2.0/mlflow/experiments/get-by-name?experiment_name=churn_prediction_model (Caused by NewConnectionError("HTTPConnection(host='localhost', port=5000): Failed to establish a new connection: [Errno 111] Connection refused"))
2026-04-10 02:49:31,332 INFO Config loaded successfully
2026-04-10 02:49:31,361 INFO Numeric features: ['SeniorCitizen', 'tenure', 'MonthlyCharges']
2026-04-10 02:49:31,361 INFO Categorical features: ['gender', 'Partner', 'Dependents', 'PhoneService', 'MultipleLines', 'InternetService', 'OnlineSecurity', 'OnlineBackup', 'DeviceProtection', 'TechSupport', 'StreamingTV', 'StreamingMovies', 'Contract', 'PaperlessBilling', 'PaymentMethod', 'TotalCharges']
2026-04-10 02:49:31,482 INFO Config loaded successfully
2026-04-10 02:49:31,487 INFO ===== TRAINING PIPELINE STARTED =====
2026-04-10 02:49:31,503 WARNING Retrying (Retry(total=4, connect=4, read=5, redirect=5, status=5)) after connection broken by 'NewConnectionError("HTTPConnection(host='localhost', port=5000): Failed to establish a new connection: [Errno 111] Connection refused")': /api/2.0/mlflow/experiments/get-by-name?experiment_name=churn_prediction_model
2026-04-10 02:49:35,666 WARNING Retrying (Retry(total=3, connect=3, read=5, redirect=5, status=5)) after connection broken by 'NewConnectionError("HTTPConnection(host='localhost', port=5000): Failed to establish a new connection: [Errno 111] Connection refused")': /api/2.0/mlflow/experiments/get-by-name?experiment_name=churn_prediction_model
2026-04-10 02:49:44,323 WARNING Retrying (Retry(total=2, connect=2, read=5, redirect=5, status=5)) after connection broken by 'NewConnectionError("HTTPConnection(host='localhost', port=5000): Failed to establish a new connection: [Errno 111] Connection refused")': /api/2.0/mlflow/experiments/get-by-name?experiment_name=churn_prediction_model
2026-04-10 02:50:01,441 WARNING Retrying (Retry(total=1, connect=1, read=5, redirect=5, status=5)) after connection broken by 'NewConnectionError("HTTPConnection(host='localhost', port=5000): Failed to establish a new connection: [Errno 111] Connection refused")': /api/2.0/mlflow/experiments/get-by-name?experiment_name=churn_prediction_model
2026-04-10 02:50:34,788 WARNING Retrying (Retry(total=0, connect=0, read=5, redirect=5, status=5)) after connection broken by 'NewConnectionError("HTTPConnection(host='localhost', port=5000): Failed to establish a new connection: [Errno 111] Connection refused")': /api/2.0/mlflow/experiments/get-by-name?experiment_name=churn_prediction_model
2026-04-10 02:53:02,927 INFO Config loaded successfully
2026-04-10 02:53:02,950 INFO Numeric features: ['SeniorCitizen', 'tenure', 'MonthlyCharges']
2026-04-10 02:53:02,950 INFO Categorical features: ['gender', 'Partner', 'Dependents', 'PhoneService', 'MultipleLines', 'InternetService', 'OnlineSecurity', 'OnlineBackup', 'DeviceProtection', 'TechSupport', 'StreamingTV', 'StreamingMovies', 'Contract', 'PaperlessBilling', 'PaymentMethod', 'TotalCharges']
2026-04-10 02:53:03,038 INFO Config loaded successfully
2026-04-10 02:53:03,043 INFO ===== TRAINING PIPELINE STARTED =====
2026-04-10 02:53:03,166 INFO Data loaded from data/churn.csv, shape: (7043, 21)
2026-04-10 02:53:03,196 INFO Missing values handled + churn-specific fixes applied
2026-04-10 02:53:03,196 INFO Data Loaded | Shape: (7043, 20)
2026-04-10 02:53:03,196 INFO Starting feature engineering...
2026-04-10 02:53:03,206 INFO Feature engineering completed. Added features: ['AvgMonthlyCharge', 'ChargesRatio', 'MonthlyChargeGroup', 'TenureGroup']
2026-04-10 02:53:03,206 INFO New DataFrame shape: (7043, 24)
2026-04-10 02:53:03,212 INFO Features saved at feature_store/reference_features.pkl
2026-04-10 02:53:03,218 INFO Feature Engineering Done | Shape: (7043, 24)
2026-04-10 02:53:03,220 INFO Splitting data: test_size=0.2, random_state=42
2026-04-10 02:53:03,224 INFO Split Done | Train: (5634, 23) | Test: (1409, 23)
2026-04-10 02:53:03,224 INFO Building model pipeline (DF-based)...
2026-04-10 02:53:03,227 INFO Pipeline built successfully ✅
2026-04-10 02:53:03,227 INFO Model Pipeline Created
2026-04-10 02:53:04,068 INFO Model Training Completed
2026-04-10 02:53:04,210 INFO Accuracy: 0.7899
2026-04-10 02:53:04,210 INFO Precision: 0.5814
2026-04-10 02:53:04,210 INFO Recall: 0.7373
2026-04-10 02:53:04,210 INFO F1 Score: 0.6501
2026-04-10 02:53:04,385 INFO Model Saved at: models/model_20260410_025303.pkl
2026-04-10 02:53:04,385 INFO Pipeline Saved at: models/pipeline_20260410_025303.pkl
2026-04-10 02:53:06,959 INFO Model registered with run_id: bd1a755fa6504c1cb3ab3ce8f4655358
2026-04-10 02:53:07,005 INFO Metadata Saved
2026-04-10 02:53:07,005 INFO ===== TRAINING PIPELINE COMPLETED =====
